<?xml version="1.0" encoding="UTF-8"?>
<!-- Generated by org.testng.reporters.JUnitReportReporter -->
<testsuite hostname="nivu" failures="0" tests="10" name="com.MRP.MRP_project.Gemini_Request" time="9.756" errors="0" timestamp="2024-06-25T14:08:07 GMT-05:00" skipped="0">
  <testcase classname="com.MRP.MRP_project.Gemini_Request" name="Main" time="0.692"/>
  <testcase classname="com.MRP.MRP_project.Gemini_Request" name="Main" time="0.718"/>
  <testcase classname="com.MRP.MRP_project.Gemini_Request" name="Main" time="0.716"/>
  <testcase classname="com.MRP.MRP_project.Gemini_Request" name="Main" time="0.724"/>
  <testcase classname="com.MRP.MRP_project.Gemini_Request" name="Main" time="3.290"/>
  <testcase classname="com.MRP.MRP_project.Gemini_Request" name="Main" time="0.755"/>
  <testcase classname="com.MRP.MRP_project.Gemini_Request" name="Main" time="0.712"/>
  <testcase classname="com.MRP.MRP_project.Gemini_Request" name="Main" time="0.711"/>
  <testcase classname="com.MRP.MRP_project.Gemini_Request" name="Main" time="0.667"/>
  <testcase classname="com.MRP.MRP_project.Gemini_Request" name="Main" time="0.771"/>
</testsuite> <!-- com.MRP.MRP_project.Gemini_Request -->
