<?xml version="1.0" encoding="UTF-8"?>
<!-- Generated by org.testng.reporters.JUnitReportReporter -->
<testsuite hostname="nivu" failures="0" tests="10" name="com.MRP.MRP_project.Gemini_Request" time="11.461" errors="0" timestamp="2024-06-25T14:02:46 GMT-05:00" skipped="0">
  <testcase classname="com.MRP.MRP_project.Gemini_Request" name="Main" time="0.682"/>
  <testcase classname="com.MRP.MRP_project.Gemini_Request" name="Main" time="0.619"/>
  <testcase classname="com.MRP.MRP_project.Gemini_Request" name="Main" time="0.796"/>
  <testcase classname="com.MRP.MRP_project.Gemini_Request" name="Main" time="0.735"/>
  <testcase classname="com.MRP.MRP_project.Gemini_Request" name="Main" time="5.260"/>
  <testcase classname="com.MRP.MRP_project.Gemini_Request" name="Main" time="0.755"/>
  <testcase classname="com.MRP.MRP_project.Gemini_Request" name="Main" time="0.557"/>
  <testcase classname="com.MRP.MRP_project.Gemini_Request" name="Main" time="0.612"/>
  <testcase classname="com.MRP.MRP_project.Gemini_Request" name="Main" time="0.706"/>
  <testcase classname="com.MRP.MRP_project.Gemini_Request" name="Main" time="0.739"/>
</testsuite> <!-- com.MRP.MRP_project.Gemini_Request -->
