<?xml version="1.0" encoding="UTF-8"?>
<!-- Generated by org.testng.reporters.JUnitReportReporter -->
<testsuite hostname="nivu" failures="0" tests="10" name="com.MRP.MRP_project.Gemini_Request" time="11.024" errors="0" timestamp="2024-06-25T14:21:33 GMT-05:00" skipped="0">
  <testcase classname="com.MRP.MRP_project.Gemini_Request" name="Main" time="0.628"/>
  <testcase classname="com.MRP.MRP_project.Gemini_Request" name="Main" time="4.125"/>
  <testcase classname="com.MRP.MRP_project.Gemini_Request" name="Main" time="0.982"/>
  <testcase classname="com.MRP.MRP_project.Gemini_Request" name="Main" time="0.751"/>
  <testcase classname="com.MRP.MRP_project.Gemini_Request" name="Main" time="1.006"/>
  <testcase classname="com.MRP.MRP_project.Gemini_Request" name="Main" time="0.658"/>
  <testcase classname="com.MRP.MRP_project.Gemini_Request" name="Main" time="0.637"/>
  <testcase classname="com.MRP.MRP_project.Gemini_Request" name="Main" time="0.982"/>
  <testcase classname="com.MRP.MRP_project.Gemini_Request" name="Main" time="0.639"/>
  <testcase classname="com.MRP.MRP_project.Gemini_Request" name="Main" time="0.616"/>
</testsuite> <!-- com.MRP.MRP_project.Gemini_Request -->
